<?xml version="1.0" encoding="UTF-8"?>
<!-- Generated by org.testng.reporters.JUnitReportReporter -->
<testsuite hostname="DESKTOP-4S1TINF" failures="0" tests="1" name="Parallel.ParallelRun" time="50.600" errors="0" timestamp="12 Feb 2024 17:00:17 GMT" skipped="0">
  <testcase classname="Parallel.ParallelRun" name="runScenario" time="50.600"/>
</testsuite> <!-- Parallel.ParallelRun -->
